<?xml version="1.0" encoding="UTF-8"?>
<!-- Generated by org.testng.reporters.JUnitReportReporter -->
<testsuite hostname="DESKTOP-210LHAF" failures="0" tests="1" name="tests.EditContactDetails" time="10.729" errors="0" timestamp="2025-06-25T18:16:57 IST" skipped="0">
  <testcase classname="tests.EditContactDetails" name="EditContact" time="10.729"/>
</testsuite> <!-- tests.EditContactDetails -->
