<?xml version="1.0" encoding="UTF-8"?>
<!-- Generated by org.testng.reporters.JUnitReportReporter -->
<testsuite hostname="DESKTOP-210LHAF" failures="0" tests="4" name="tests.SignUpModule" time="34.304" errors="0" timestamp="2025-07-02T11:16:54 IST" skipped="0">
  <testcase classname="tests.SignUpModule" name="SignUpTest" time="9.436"/>
  <testcase classname="tests.SignUpModule" name="SignUpTest" time="9.673"/>
  <testcase classname="tests.SignUpModule" name="SignUpTest" time="7.489"/>
  <testcase classname="tests.SignUpModule" name="SignUpTest" time="7.706"/>
</testsuite> <!-- tests.SignUpModule -->
