<?xml version="1.0" encoding="UTF-8"?>
<!-- Generated by org.testng.reporters.JUnitReportReporter -->
<testsuite hostname="DESKTOP-210LHAF" failures="0" tests="2" name="tests.ResponsiveTest" time="14.735" errors="0" timestamp="2025-07-02T11:16:54 IST" skipped="0">
  <testcase classname="tests.ResponsiveTest" name="testNoHorizontalScrollOnMobile" time="7.331"/>
  <testcase classname="tests.ResponsiveTest" name="testNoHorizontalScrollOnTablet" time="7.404"/>
</testsuite> <!-- tests.ResponsiveTest -->
