<?xml version="1.0" encoding="UTF-8"?>
<!-- Generated by org.testng.reporters.JUnitReportReporter -->
<testsuite hostname="DESKTOP-210LHAF" failures="0" tests="3" name="tests.EditContactDetailsModule" time="49.125" errors="0" timestamp="2025-07-02T11:16:54 IST" skipped="0">
  <testcase classname="tests.EditContactDetailsModule" name="testEditContact" time="15.062"/>
  <testcase classname="tests.EditContactDetailsModule" name="EditingExsitingContact" time="20.838"/>
  <testcase classname="tests.EditContactDetailsModule" name="VerifiyingCancelEdit" time="13.225"/>
</testsuite> <!-- tests.EditContactDetailsModule -->
