<?xml version="1.0" encoding="UTF-8"?>
<!-- Generated by org.testng.reporters.JUnitReportReporter -->
<testsuite hostname="DESKTOP-210LHAF" failures="0" tests="4" name="tests.LoginModule" time="28.310" errors="0" timestamp="2025-07-02T11:16:54 IST" skipped="0">
  <testcase classname="tests.LoginModule" name="Login" time="7.636"/>
  <testcase classname="tests.LoginModule" name="Login" time="6.892"/>
  <testcase classname="tests.LoginModule" name="Login" time="6.320"/>
  <testcase classname="tests.LoginModule" name="Login" time="7.462"/>
</testsuite> <!-- tests.LoginModule -->
