<?xml version="1.0" encoding="UTF-8"?>
<!-- Generated by org.testng.reporters.JUnitReportReporter -->
<testsuite hostname="DESKTOP-210LHAF" failures="0" tests="5" name="tests.AddContactModule" time="50.500" errors="0" timestamp="2025-07-02T11:16:54 IST" skipped="0">
  <testcase classname="tests.AddContactModule" name="AddModule" time="9.950"/>
  <testcase classname="tests.AddContactModule" name="AddModule" time="9.187"/>
  <testcase classname="tests.AddContactModule" name="AddModule" time="10.769"/>
  <testcase classname="tests.AddContactModule" name="AddModule" time="10.231"/>
  <testcase classname="tests.AddContactModule" name="AddModule" time="10.363"/>
</testsuite> <!-- tests.AddContactModule -->
