<?xml version="1.0" encoding="UTF-8"?>
<!-- Generated by org.testng.reporters.JUnitReportReporter -->
<testsuite hostname="DESKTOP-210LHAF" failures="0" tests="6" name="tests.NavigationModule" time="47.688" errors="0" timestamp="2025-07-02T11:16:54 IST" skipped="0">
  <testcase classname="tests.NavigationModule" name="NavigationTest" time="9.670"/>
  <testcase classname="tests.NavigationModule" name="ActionButtonsVisibility" time="6.041"/>
  <testcase classname="tests.NavigationModule" name="AddContactNavTest" time="10.678"/>
  <testcase classname="tests.NavigationModule" name="EditContactNavTest" time="8.571"/>
  <testcase classname="tests.NavigationModule" name="FontConsistency" time="6.555"/>
  <testcase classname="tests.NavigationModule" name="getPasswordFieldType" time="6.173"/>
</testsuite> <!-- tests.NavigationModule -->
